

Started GET "/application" for 127.0.0.1 at 2013-02-15 00:40:55 -0200

ActionController::RoutingError (No route matches [GET] "/application"):
  actionpack (3.2.11) lib/action_dispatch/middleware/debug_exceptions.rb:21:in `call'
  actionpack (3.2.11) lib/action_dispatch/middleware/show_exceptions.rb:56:in `call'
  railties (3.2.11) lib/rails/rack/logger.rb:32:in `call_app'
  railties (3.2.11) lib/rails/rack/logger.rb:16:in `block in call'
  activesupport (3.2.11) lib/active_support/tagged_logging.rb:22:in `tagged'
  railties (3.2.11) lib/rails/rack/logger.rb:16:in `call'
  quiet_assets (1.0.1) lib/quiet_assets.rb:20:in `call_with_quiet_assets'
  actionpack (3.2.11) lib/action_dispatch/middleware/request_id.rb:22:in `call'
  rack (1.4.5) lib/rack/methodoverride.rb:21:in `call'
  rack (1.4.5) lib/rack/runtime.rb:17:in `call'
  activesupport (3.2.11) lib/active_support/cache/strategy/local_cache.rb:72:in `call'
  rack (1.4.5) lib/rack/lock.rb:15:in `call'
  actionpack (3.2.11) lib/action_dispatch/middleware/static.rb:62:in `call'
  railties (3.2.11) lib/rails/engine.rb:479:in `call'
  railties (3.2.11) lib/rails/application.rb:223:in `call'
  rack (1.4.5) lib/rack/content_length.rb:14:in `call'
  railties (3.2.11) lib/rails/rack/log_tailer.rb:17:in `call'
  rack (1.4.5) lib/rack/handler/webrick.rb:59:in `service'
  /home/vinicius/.rvm/rubies/ruby-1.9.3-p362/lib/ruby/1.9.1/webrick/httpserver.rb:138:in `service'
  /home/vinicius/.rvm/rubies/ruby-1.9.3-p362/lib/ruby/1.9.1/webrick/httpserver.rb:94:in `run'
  /home/vinicius/.rvm/rubies/ruby-1.9.3-p362/lib/ruby/1.9.1/webrick/server.rb:191:in `block in start_thread'


  Rendered /home/vinicius/.rvm/gems/ruby-1.9.3-p362@global/gems/actionpack-3.2.11/lib/action_dispatch/middleware/templates/rescues/routing_error.erb within rescues/layout (70.2ms)


Started GET "/application" for 127.0.0.1 at 2013-02-15 00:42:24 -0200

ActionController::RoutingError (No route matches [GET] "/application"):
  actionpack (3.2.11) lib/action_dispatch/middleware/debug_exceptions.rb:21:in `call'
  actionpack (3.2.11) lib/action_dispatch/middleware/show_exceptions.rb:56:in `call'
  railties (3.2.11) lib/rails/rack/logger.rb:32:in `call_app'
  railties (3.2.11) lib/rails/rack/logger.rb:16:in `block in call'
  activesupport (3.2.11) lib/active_support/tagged_logging.rb:22:in `tagged'
  railties (3.2.11) lib/rails/rack/logger.rb:16:in `call'
  quiet_assets (1.0.1) lib/quiet_assets.rb:20:in `call_with_quiet_assets'
  actionpack (3.2.11) lib/action_dispatch/middleware/request_id.rb:22:in `call'
  rack (1.4.5) lib/rack/methodoverride.rb:21:in `call'
  rack (1.4.5) lib/rack/runtime.rb:17:in `call'
  activesupport (3.2.11) lib/active_support/cache/strategy/local_cache.rb:72:in `call'
  rack (1.4.5) lib/rack/lock.rb:15:in `call'
  actionpack (3.2.11) lib/action_dispatch/middleware/static.rb:62:in `call'
  railties (3.2.11) lib/rails/engine.rb:479:in `call'
  railties (3.2.11) lib/rails/application.rb:223:in `call'
  rack (1.4.5) lib/rack/content_length.rb:14:in `call'
  railties (3.2.11) lib/rails/rack/log_tailer.rb:17:in `call'
  rack (1.4.5) lib/rack/handler/webrick.rb:59:in `service'
  /home/vinicius/.rvm/rubies/ruby-1.9.3-p362/lib/ruby/1.9.1/webrick/httpserver.rb:138:in `service'
  /home/vinicius/.rvm/rubies/ruby-1.9.3-p362/lib/ruby/1.9.1/webrick/httpserver.rb:94:in `run'
  /home/vinicius/.rvm/rubies/ruby-1.9.3-p362/lib/ruby/1.9.1/webrick/server.rb:191:in `block in start_thread'


  Rendered /home/vinicius/.rvm/gems/ruby-1.9.3-p362@global/gems/actionpack-3.2.11/lib/action_dispatch/middleware/templates/rescues/routing_error.erb within rescues/layout (0.6ms)


Started GET "/application" for 127.0.0.1 at 2013-02-15 00:42:43 -0200
Processing by ApplicationController#index as HTML
  Rendered application/index.html.erb within layouts/application (0.3ms)
Compiled application.css  (0ms)  (pid 7666)
Compiled jquery.js  (25ms)  (pid 7666)
Compiled jquery_ujs.js  (0ms)  (pid 7666)
Compiled credit_card.js  (0ms)  (pid 7666)
Compiled memory_game.js  (0ms)  (pid 7666)
Compiled application.js  (139ms)  (pid 7666)
Completed 200 OK in 182ms (Views: 182.2ms | ActiveRecord: 0.0ms)


Started GET "/style.css" for 127.0.0.1 at 2013-02-15 00:42:43 -0200

ActionController::RoutingError (No route matches [GET] "/style.css"):
  actionpack (3.2.11) lib/action_dispatch/middleware/debug_exceptions.rb:21:in `call'
  actionpack (3.2.11) lib/action_dispatch/middleware/show_exceptions.rb:56:in `call'
  railties (3.2.11) lib/rails/rack/logger.rb:32:in `call_app'
  railties (3.2.11) lib/rails/rack/logger.rb:16:in `block in call'
  activesupport (3.2.11) lib/active_support/tagged_logging.rb:22:in `tagged'
  railties (3.2.11) lib/rails/rack/logger.rb:16:in `call'
  quiet_assets (1.0.1) lib/quiet_assets.rb:20:in `call_with_quiet_assets'
  actionpack (3.2.11) lib/action_dispatch/middleware/request_id.rb:22:in `call'
  rack (1.4.5) lib/rack/methodoverride.rb:21:in `call'
  rack (1.4.5) lib/rack/runtime.rb:17:in `call'
  activesupport (3.2.11) lib/active_support/cache/strategy/local_cache.rb:72:in `call'
  rack (1.4.5) lib/rack/lock.rb:15:in `call'
  actionpack (3.2.11) lib/action_dispatch/middleware/static.rb:62:in `call'
  railties (3.2.11) lib/rails/engine.rb:479:in `call'
  railties (3.2.11) lib/rails/application.rb:223:in `call'
  rack (1.4.5) lib/rack/content_length.rb:14:in `call'
  railties (3.2.11) lib/rails/rack/log_tailer.rb:17:in `call'
  rack (1.4.5) lib/rack/handler/webrick.rb:59:in `service'
  /home/vinicius/.rvm/rubies/ruby-1.9.3-p362/lib/ruby/1.9.1/webrick/httpserver.rb:138:in `service'
  /home/vinicius/.rvm/rubies/ruby-1.9.3-p362/lib/ruby/1.9.1/webrick/httpserver.rb:94:in `run'
  /home/vinicius/.rvm/rubies/ruby-1.9.3-p362/lib/ruby/1.9.1/webrick/server.rb:191:in `block in start_thread'


  Rendered /home/vinicius/.rvm/gems/ruby-1.9.3-p362@global/gems/actionpack-3.2.11/lib/action_dispatch/middleware/templates/rescues/routing_error.erb within rescues/layout (0.6ms)


Started GET "/application" for 127.0.0.1 at 2013-02-15 00:44:42 -0200
Processing by ApplicationController#index as HTML
  Rendered application/index.html.erb within layouts/application (0.1ms)
Compiled jquery-tmpl.js  (0ms)  (pid 7666)
Compiled application.js  (26ms)  (pid 7666)
Completed 200 OK in 42ms (Views: 41.3ms | ActiveRecord: 0.0ms)


Started GET "/style.css" for 127.0.0.1 at 2013-02-15 00:44:42 -0200

ActionController::RoutingError (No route matches [GET] "/style.css"):
  actionpack (3.2.11) lib/action_dispatch/middleware/debug_exceptions.rb:21:in `call'
  actionpack (3.2.11) lib/action_dispatch/middleware/show_exceptions.rb:56:in `call'
  railties (3.2.11) lib/rails/rack/logger.rb:32:in `call_app'
  railties (3.2.11) lib/rails/rack/logger.rb:16:in `block in call'
  activesupport (3.2.11) lib/active_support/tagged_logging.rb:22:in `tagged'
  railties (3.2.11) lib/rails/rack/logger.rb:16:in `call'
  quiet_assets (1.0.1) lib/quiet_assets.rb:20:in `call_with_quiet_assets'
  actionpack (3.2.11) lib/action_dispatch/middleware/request_id.rb:22:in `call'
  rack (1.4.5) lib/rack/methodoverride.rb:21:in `call'
  rack (1.4.5) lib/rack/runtime.rb:17:in `call'
  activesupport (3.2.11) lib/active_support/cache/strategy/local_cache.rb:72:in `call'
  rack (1.4.5) lib/rack/lock.rb:15:in `call'
  actionpack (3.2.11) lib/action_dispatch/middleware/static.rb:62:in `call'
  railties (3.2.11) lib/rails/engine.rb:479:in `call'
  railties (3.2.11) lib/rails/application.rb:223:in `call'
  rack (1.4.5) lib/rack/content_length.rb:14:in `call'
  railties (3.2.11) lib/rails/rack/log_tailer.rb:17:in `call'
  rack (1.4.5) lib/rack/handler/webrick.rb:59:in `service'
  /home/vinicius/.rvm/rubies/ruby-1.9.3-p362/lib/ruby/1.9.1/webrick/httpserver.rb:138:in `service'
  /home/vinicius/.rvm/rubies/ruby-1.9.3-p362/lib/ruby/1.9.1/webrick/httpserver.rb:94:in `run'
  /home/vinicius/.rvm/rubies/ruby-1.9.3-p362/lib/ruby/1.9.1/webrick/server.rb:191:in `block in start_thread'


  Rendered /home/vinicius/.rvm/gems/ruby-1.9.3-p362@global/gems/actionpack-3.2.11/lib/action_dispatch/middleware/templates/rescues/routing_error.erb within rescues/layout (2.0ms)


Started GET "/application" for 127.0.0.1 at 2013-02-15 00:44:51 -0200
Processing by ApplicationController#index as HTML
  Rendered application/index.html.erb within layouts/application (0.1ms)
Completed 200 OK in 6ms (Views: 6.2ms | ActiveRecord: 0.0ms)


Started GET "/style.css" for 127.0.0.1 at 2013-02-15 00:44:51 -0200

ActionController::RoutingError (No route matches [GET] "/style.css"):
  actionpack (3.2.11) lib/action_dispatch/middleware/debug_exceptions.rb:21:in `call'
  actionpack (3.2.11) lib/action_dispatch/middleware/show_exceptions.rb:56:in `call'
  railties (3.2.11) lib/rails/rack/logger.rb:32:in `call_app'
  railties (3.2.11) lib/rails/rack/logger.rb:16:in `block in call'
  activesupport (3.2.11) lib/active_support/tagged_logging.rb:22:in `tagged'
  railties (3.2.11) lib/rails/rack/logger.rb:16:in `call'
  quiet_assets (1.0.1) lib/quiet_assets.rb:20:in `call_with_quiet_assets'
  actionpack (3.2.11) lib/action_dispatch/middleware/request_id.rb:22:in `call'
  rack (1.4.5) lib/rack/methodoverride.rb:21:in `call'
  rack (1.4.5) lib/rack/runtime.rb:17:in `call'
  activesupport (3.2.11) lib/active_support/cache/strategy/local_cache.rb:72:in `call'
  rack (1.4.5) lib/rack/lock.rb:15:in `call'
  actionpack (3.2.11) lib/action_dispatch/middleware/static.rb:62:in `call'
  railties (3.2.11) lib/rails/engine.rb:479:in `call'
  railties (3.2.11) lib/rails/application.rb:223:in `call'
  rack (1.4.5) lib/rack/content_length.rb:14:in `call'
  railties (3.2.11) lib/rails/rack/log_tailer.rb:17:in `call'
  rack (1.4.5) lib/rack/handler/webrick.rb:59:in `service'
  /home/vinicius/.rvm/rubies/ruby-1.9.3-p362/lib/ruby/1.9.1/webrick/httpserver.rb:138:in `service'
  /home/vinicius/.rvm/rubies/ruby-1.9.3-p362/lib/ruby/1.9.1/webrick/httpserver.rb:94:in `run'
  /home/vinicius/.rvm/rubies/ruby-1.9.3-p362/lib/ruby/1.9.1/webrick/server.rb:191:in `block in start_thread'


  Rendered /home/vinicius/.rvm/gems/ruby-1.9.3-p362@global/gems/actionpack-3.2.11/lib/action_dispatch/middleware/templates/rescues/routing_error.erb within rescues/layout (0.6ms)


Started GET "/style.css" for 127.0.0.1 at 2013-02-15 00:44:52 -0200

ActionController::RoutingError (No route matches [GET] "/style.css"):
  actionpack (3.2.11) lib/action_dispatch/middleware/debug_exceptions.rb:21:in `call'
  actionpack (3.2.11) lib/action_dispatch/middleware/show_exceptions.rb:56:in `call'
  railties (3.2.11) lib/rails/rack/logger.rb:32:in `call_app'
  railties (3.2.11) lib/rails/rack/logger.rb:16:in `block in call'
  activesupport (3.2.11) lib/active_support/tagged_logging.rb:22:in `tagged'
  railties (3.2.11) lib/rails/rack/logger.rb:16:in `call'
  quiet_assets (1.0.1) lib/quiet_assets.rb:20:in `call_with_quiet_assets'
  actionpack (3.2.11) lib/action_dispatch/middleware/request_id.rb:22:in `call'
  rack (1.4.5) lib/rack/methodoverride.rb:21:in `call'
  rack (1.4.5) lib/rack/runtime.rb:17:in `call'
  activesupport (3.2.11) lib/active_support/cache/strategy/local_cache.rb:72:in `call'
  rack (1.4.5) lib/rack/lock.rb:15:in `call'
  actionpack (3.2.11) lib/action_dispatch/middleware/static.rb:62:in `call'
  railties (3.2.11) lib/rails/engine.rb:479:in `call'
  railties (3.2.11) lib/rails/application.rb:223:in `call'
  rack (1.4.5) lib/rack/content_length.rb:14:in `call'
  railties (3.2.11) lib/rails/rack/log_tailer.rb:17:in `call'
  rack (1.4.5) lib/rack/handler/webrick.rb:59:in `service'
  /home/vinicius/.rvm/rubies/ruby-1.9.3-p362/lib/ruby/1.9.1/webrick/httpserver.rb:138:in `service'
  /home/vinicius/.rvm/rubies/ruby-1.9.3-p362/lib/ruby/1.9.1/webrick/httpserver.rb:94:in `run'
  /home/vinicius/.rvm/rubies/ruby-1.9.3-p362/lib/ruby/1.9.1/webrick/server.rb:191:in `block in start_thread'


  Rendered /home/vinicius/.rvm/gems/ruby-1.9.3-p362@global/gems/actionpack-3.2.11/lib/action_dispatch/middleware/templates/rescues/routing_error.erb within rescues/layout (0.5ms)


Started GET "/application" for 127.0.0.1 at 2013-02-15 00:44:55 -0200
Processing by ApplicationController#index as HTML
  Rendered application/index.html.erb within layouts/application (0.1ms)
Completed 200 OK in 4ms (Views: 4.1ms | ActiveRecord: 0.0ms)


Started GET "/style.css" for 127.0.0.1 at 2013-02-15 00:44:56 -0200

ActionController::RoutingError (No route matches [GET] "/style.css"):
  actionpack (3.2.11) lib/action_dispatch/middleware/debug_exceptions.rb:21:in `call'
  actionpack (3.2.11) lib/action_dispatch/middleware/show_exceptions.rb:56:in `call'
  railties (3.2.11) lib/rails/rack/logger.rb:32:in `call_app'
  railties (3.2.11) lib/rails/rack/logger.rb:16:in `block in call'
  activesupport (3.2.11) lib/active_support/tagged_logging.rb:22:in `tagged'
  railties (3.2.11) lib/rails/rack/logger.rb:16:in `call'
  quiet_assets (1.0.1) lib/quiet_assets.rb:20:in `call_with_quiet_assets'
  actionpack (3.2.11) lib/action_dispatch/middleware/request_id.rb:22:in `call'
  rack (1.4.5) lib/rack/methodoverride.rb:21:in `call'
  rack (1.4.5) lib/rack/runtime.rb:17:in `call'
  activesupport (3.2.11) lib/active_support/cache/strategy/local_cache.rb:72:in `call'
  rack (1.4.5) lib/rack/lock.rb:15:in `call'
  actionpack (3.2.11) lib/action_dispatch/middleware/static.rb:62:in `call'
  railties (3.2.11) lib/rails/engine.rb:479:in `call'
  railties (3.2.11) lib/rails/application.rb:223:in `call'
  rack (1.4.5) lib/rack/content_length.rb:14:in `call'
  railties (3.2.11) lib/rails/rack/log_tailer.rb:17:in `call'
  rack (1.4.5) lib/rack/handler/webrick.rb:59:in `service'
  /home/vinicius/.rvm/rubies/ruby-1.9.3-p362/lib/ruby/1.9.1/webrick/httpserver.rb:138:in `service'
  /home/vinicius/.rvm/rubies/ruby-1.9.3-p362/lib/ruby/1.9.1/webrick/httpserver.rb:94:in `run'
  /home/vinicius/.rvm/rubies/ruby-1.9.3-p362/lib/ruby/1.9.1/webrick/server.rb:191:in `block in start_thread'


  Rendered /home/vinicius/.rvm/gems/ruby-1.9.3-p362@global/gems/actionpack-3.2.11/lib/action_dispatch/middleware/templates/rescues/routing_error.erb within rescues/layout (0.8ms)


Started GET "/style.css" for 127.0.0.1 at 2013-02-15 00:44:56 -0200

ActionController::RoutingError (No route matches [GET] "/style.css"):
  actionpack (3.2.11) lib/action_dispatch/middleware/debug_exceptions.rb:21:in `call'
  actionpack (3.2.11) lib/action_dispatch/middleware/show_exceptions.rb:56:in `call'
  railties (3.2.11) lib/rails/rack/logger.rb:32:in `call_app'
  railties (3.2.11) lib/rails/rack/logger.rb:16:in `block in call'
  activesupport (3.2.11) lib/active_support/tagged_logging.rb:22:in `tagged'
  railties (3.2.11) lib/rails/rack/logger.rb:16:in `call'
  quiet_assets (1.0.1) lib/quiet_assets.rb:20:in `call_with_quiet_assets'
  actionpack (3.2.11) lib/action_dispatch/middleware/request_id.rb:22:in `call'
  rack (1.4.5) lib/rack/methodoverride.rb:21:in `call'
  rack (1.4.5) lib/rack/runtime.rb:17:in `call'
  activesupport (3.2.11) lib/active_support/cache/strategy/local_cache.rb:72:in `call'
  rack (1.4.5) lib/rack/lock.rb:15:in `call'
  actionpack (3.2.11) lib/action_dispatch/middleware/static.rb:62:in `call'
  railties (3.2.11) lib/rails/engine.rb:479:in `call'
  railties (3.2.11) lib/rails/application.rb:223:in `call'
  rack (1.4.5) lib/rack/content_length.rb:14:in `call'
  railties (3.2.11) lib/rails/rack/log_tailer.rb:17:in `call'
  rack (1.4.5) lib/rack/handler/webrick.rb:59:in `service'
  /home/vinicius/.rvm/rubies/ruby-1.9.3-p362/lib/ruby/1.9.1/webrick/httpserver.rb:138:in `service'
  /home/vinicius/.rvm/rubies/ruby-1.9.3-p362/lib/ruby/1.9.1/webrick/httpserver.rb:94:in `run'
  /home/vinicius/.rvm/rubies/ruby-1.9.3-p362/lib/ruby/1.9.1/webrick/server.rb:191:in `block in start_thread'


  Rendered /home/vinicius/.rvm/gems/ruby-1.9.3-p362@global/gems/actionpack-3.2.11/lib/action_dispatch/middleware/templates/rescues/routing_error.erb within rescues/layout (0.6ms)


Started GET "/application" for 127.0.0.1 at 2013-02-15 00:45:32 -0200
Processing by ApplicationController#index as HTML
  Rendered application/index.html.erb within layouts/application (0.1ms)
Completed 200 OK in 4ms (Views: 4.2ms | ActiveRecord: 0.0ms)


Started GET "/application" for 127.0.0.1 at 2013-02-15 00:46:02 -0200
Processing by ApplicationController#index as HTML
  Rendered application/index.html.erb within layouts/application (0.1ms)
Completed 200 OK in 6ms (Views: 6.1ms | ActiveRecord: 0.0ms)


Started GET "/application" for 127.0.0.1 at 2013-02-15 00:46:50 -0200
Processing by ApplicationController#index as HTML
  Rendered application/index.html.erb within layouts/application (0.1ms)
Compiled application.js  (3ms)  (pid 7666)
Completed 200 OK in 16ms (Views: 16.1ms | ActiveRecord: 0.0ms)


Started GET "/application" for 127.0.0.1 at 2013-02-15 00:48:43 -0200
Processing by ApplicationController#index as HTML
  Rendered application/index.html.erb within layouts/application (0.3ms)
Completed 200 OK in 6ms (Views: 5.8ms | ActiveRecord: 0.0ms)


Started GET "/application" for 127.0.0.1 at 2013-02-15 00:51:52 -0200
Processing by ApplicationController#index as HTML
  Rendered application/index.html.erb within layouts/application (0.1ms)
Compiled jquery.js  (0ms)  (pid 7666)
Compiled application.js  (5ms)  (pid 7666)
Completed 200 OK in 52ms (Views: 51.5ms | ActiveRecord: 0.0ms)


Started GET "/application" for 127.0.0.1 at 2013-02-15 00:54:47 -0200
Processing by ApplicationController#index as HTML
  Rendered application/index.html.erb within layouts/application (0.1ms)
Compiled memory_game.js  (0ms)  (pid 7666)
Compiled application.js  (3ms)  (pid 7666)
Completed 200 OK in 22ms (Views: 21.6ms | ActiveRecord: 0.0ms)


Started GET "/application" for 127.0.0.1 at 2013-02-15 01:06:48 -0200
Processing by ApplicationController#index as HTML
  Rendered application/index.html.erb within layouts/application (0.4ms)
Compiled memory_game.js  (0ms)  (pid 7666)
Compiled application.js  (5ms)  (pid 7666)
Completed 200 OK in 695ms (Views: 694.7ms | ActiveRecord: 0.0ms)


Started GET "/application" for 127.0.0.1 at 2013-02-15 01:20:59 -0200
Processing by ApplicationController#index as HTML
  Rendered application/index.html.erb within layouts/application (0.0ms)
Compiled memory_game.js  (0ms)  (pid 7666)
Compiled application.js  (3ms)  (pid 7666)
Completed 200 OK in 41ms (Views: 40.4ms | ActiveRecord: 0.0ms)


Started GET "/application" for 127.0.0.1 at 2013-02-15 01:21:03 -0200
Processing by ApplicationController#index as HTML
  Rendered application/index.html.erb within layouts/application (0.0ms)
Completed 200 OK in 6ms (Views: 5.7ms | ActiveRecord: 0.0ms)


Started GET "/application" for 127.0.0.1 at 2013-02-15 01:28:30 -0200
Processing by ApplicationController#index as HTML
  Rendered application/index.html.erb within layouts/application (0.1ms)
Compiled memory_game.js  (0ms)  (pid 7666)
Compiled application.js  (3ms)  (pid 7666)
Completed 200 OK in 17ms (Views: 17.3ms | ActiveRecord: 0.0ms)


Started GET "/application" for 127.0.0.1 at 2013-02-15 01:41:04 -0200
Processing by ApplicationController#index as HTML
  Rendered application/index.html.erb within layouts/application (0.1ms)
Compiled memory_game.js  (0ms)  (pid 7666)
Compiled application.js  (3ms)  (pid 7666)
Completed 200 OK in 23ms (Views: 22.7ms | ActiveRecord: 0.0ms)


Started GET "/application" for 127.0.0.1 at 2013-02-15 01:41:43 -0200
Processing by ApplicationController#index as HTML
  Rendered application/index.html.erb within layouts/application (0.2ms)
Compiled memory_game.js  (0ms)  (pid 7666)
Compiled application.js  (3ms)  (pid 7666)
Completed 200 OK in 24ms (Views: 24.1ms | ActiveRecord: 0.0ms)


Started GET "/application" for 127.0.0.1 at 2013-02-15 01:42:55 -0200
Processing by ApplicationController#index as HTML
  Rendered application/index.html.erb within layouts/application (0.1ms)
Compiled memory_game.js  (0ms)  (pid 7666)
Compiled application.js  (3ms)  (pid 7666)
Completed 200 OK in 20ms (Views: 19.7ms | ActiveRecord: 0.0ms)


Started GET "/application" for 127.0.0.1 at 2013-02-15 01:45:38 -0200
Processing by ApplicationController#index as HTML
  Rendered application/index.html.erb within layouts/application (0.1ms)
Compiled memory_game.js  (0ms)  (pid 7666)
Compiled application.js  (3ms)  (pid 7666)
Completed 200 OK in 22ms (Views: 21.9ms | ActiveRecord: 0.0ms)


Started GET "/application" for 127.0.0.1 at 2013-02-15 01:46:27 -0200
Processing by ApplicationController#index as HTML
  Rendered application/index.html.erb within layouts/application (0.0ms)
Compiled memory_game.js  (0ms)  (pid 7666)
Compiled application.js  (3ms)  (pid 7666)
Completed 200 OK in 18ms (Views: 17.8ms | ActiveRecord: 0.0ms)


Started GET "/application" for 127.0.0.1 at 2013-02-15 01:52:01 -0200
Processing by ApplicationController#index as HTML
  Rendered application/index.html.erb within layouts/application (0.1ms)
Compiled memory_game.js  (0ms)  (pid 7666)
Compiled coregame.js  (0ms)  (pid 7666)
Compiled application.js  (49ms)  (pid 7666)
Completed 200 OK in 74ms (Views: 74.2ms | ActiveRecord: 0.0ms)


Started GET "/application" for 127.0.0.1 at 2013-02-15 01:52:37 -0200
Processing by ApplicationController#index as HTML
  Rendered application/index.html.erb within layouts/application (0.0ms)
Compiled coregame.js  (0ms)  (pid 7666)
Compiled application.js  (3ms)  (pid 7666)
Completed 200 OK in 26ms (Views: 25.4ms | ActiveRecord: 0.0ms)


Started GET "/application" for 127.0.0.1 at 2013-02-15 01:53:48 -0200
Processing by ApplicationController#index as HTML
  Rendered application/index.html.erb within layouts/application (0.0ms)
Compiled coregame.js  (0ms)  (pid 7666)
Compiled application.js  (3ms)  (pid 7666)
Completed 200 OK in 21ms (Views: 20.5ms | ActiveRecord: 0.0ms)


Started GET "/application" for 127.0.0.1 at 2013-02-18 15:57:09 -0300
Processing by ApplicationController#index as HTML
  Rendered application/index.html.erb within layouts/application (11.0ms)
Compiled application.css  (1ms)  (pid 11224)
Compiled jquery.js  (0ms)  (pid 11224)
Compiled jquery_ujs.js  (0ms)  (pid 11224)
Compiled jquery-tmpl.js  (1ms)  (pid 11224)
Compiled coregame.js  (0ms)  (pid 11224)
Compiled ajaxsearch.js  (0ms)  (pid 11224)
Compiled credit_card.js  (0ms)  (pid 11224)
Compiled memory_game.js  (1ms)  (pid 11224)
Compiled application.js  (198ms)  (pid 11224)
Completed 200 OK in 823ms (Views: 820.5ms | ActiveRecord: 0.0ms)


Started GET "/application" for 127.0.0.1 at 2013-02-18 15:57:28 -0300
Processing by ApplicationController#index as HTML
  Rendered application/index.html.erb within layouts/application (0.0ms)
Compiled ajaxsearch.js  (0ms)  (pid 11224)
Compiled application.js  (5ms)  (pid 11224)
Completed 200 OK in 97ms (Views: 96.1ms | ActiveRecord: 0.0ms)


Started POST "/application/search" for 127.0.0.1 at 2013-02-18 15:57:31 -0300
Processing by ApplicationController#search as JSON
  Parameters: {"name"=>"John", "location"=>"Boston"}
Completed 200 OK in 0ms (Views: 0.0ms | ActiveRecord: 0.0ms)


Started POST "/application/search" for 127.0.0.1 at 2013-02-18 15:58:34 -0300
Processing by ApplicationController#search as JSON
  Parameters: {"name"=>"John", "location"=>"Boston"}
Completed 200 OK in 1ms (Views: 1.0ms | ActiveRecord: 0.0ms)


Started GET "/__meta_request/718a58812d1d83c27dd1dee7a6ddd34a.json" for 127.0.0.1 at 2013-02-18 15:58:34 -0300
